<?xml version="1.0" encoding="UTF-8"?>
<testsuite name="com.example.Proj1_2019202005.Proj12019202005ApplicationTests" tests="1" skipped="0" failures="0" errors="0" timestamp="2023-05-29T12:14:57" hostname="종식이" time="0.275">
  <properties/>
  <testcase name="contextLoads()" classname="com.example.Proj1_2019202005.Proj12019202005ApplicationTests" time="0.275"/>
  <system-out><![CDATA[21:14:52.881 [Test worker] DEBUG org.springframework.test.context.BootstrapUtils - Instantiating CacheAwareContextLoaderDelegate from class [org.springframework.test.context.cache.DefaultCacheAwareContextLoaderDelegate]
21:14:52.891 [Test worker] DEBUG org.springframework.test.context.BootstrapUtils - Instantiating BootstrapContext using constructor [public org.springframework.test.context.support.DefaultBootstrapContext(java.lang.Class,org.springframework.test.context.CacheAwareContextLoaderDelegate)]
21:14:52.926 [Test worker] DEBUG org.springframework.test.context.BootstrapUtils - Instantiating TestContextBootstrapper for test class [com.example.Proj1_2019202005.Proj12019202005ApplicationTests] from class [org.springframework.boot.test.context.SpringBootTestContextBootstrapper]
21:14:52.941 [Test worker] INFO org.springframework.boot.test.context.SpringBootTestContextBootstrapper - Neither @ContextConfiguration nor @ContextHierarchy found for test class [com.example.Proj1_2019202005.Proj12019202005ApplicationTests], using SpringBootContextLoader
21:14:52.943 [Test worker] DEBUG org.springframework.test.context.support.AbstractContextLoader - Did not detect default resource location for test class [com.example.Proj1_2019202005.Proj12019202005ApplicationTests]: class path resource [com/example/Proj1_2019202005/Proj12019202005ApplicationTests-context.xml] does not exist
21:14:52.945 [Test worker] DEBUG org.springframework.test.context.support.AbstractContextLoader - Did not detect default resource location for test class [com.example.Proj1_2019202005.Proj12019202005ApplicationTests]: class path resource [com/example/Proj1_2019202005/Proj12019202005ApplicationTestsContext.groovy] does not exist
21:14:52.945 [Test worker] INFO org.springframework.test.context.support.AbstractContextLoader - Could not detect default resource locations for test class [com.example.Proj1_2019202005.Proj12019202005ApplicationTests]: no resource found for suffixes {-context.xml, Context.groovy}.
21:14:52.945 [Test worker] INFO org.springframework.test.context.support.AnnotationConfigContextLoaderUtils - Could not detect default configuration classes for test class [com.example.Proj1_2019202005.Proj12019202005ApplicationTests]: Proj12019202005ApplicationTests does not declare any static, non-private, non-final, nested classes annotated with @Configuration.
21:14:52.988 [Test worker] DEBUG org.springframework.test.context.support.ActiveProfilesUtils - Could not find an 'annotation declaring class' for annotation type [org.springframework.test.context.ActiveProfiles] and class [com.example.Proj1_2019202005.Proj12019202005ApplicationTests]
21:14:53.061 [Test worker] DEBUG org.springframework.context.annotation.ClassPathScanningCandidateComponentProvider - Identified candidate component class: file [C:\Users\PC\Downloads\Proj1_2019202005\Proj1_2019202005\build\classes\java\main\com\example\Proj1_2019202005\Proj12019202005Application.class]
21:14:53.063 [Test worker] INFO org.springframework.boot.test.context.SpringBootTestContextBootstrapper - Found @SpringBootConfiguration com.example.Proj1_2019202005.Proj12019202005Application for test class com.example.Proj1_2019202005.Proj12019202005ApplicationTests
21:14:53.165 [Test worker] DEBUG org.springframework.boot.test.context.SpringBootTestContextBootstrapper - @TestExecutionListeners is not present for class [com.example.Proj1_2019202005.Proj12019202005ApplicationTests]: using defaults.
21:14:53.165 [Test worker] INFO org.springframework.boot.test.context.SpringBootTestContextBootstrapper - Loaded default TestExecutionListener class names from location [META-INF/spring.factories]: [org.springframework.boot.test.autoconfigure.restdocs.RestDocsTestExecutionListener, org.springframework.boot.test.autoconfigure.web.client.MockRestServiceServerResetTestExecutionListener, org.springframework.boot.test.autoconfigure.web.servlet.MockMvcPrintOnlyOnFailureTestExecutionListener, org.springframework.boot.test.autoconfigure.web.servlet.WebDriverTestExecutionListener, org.springframework.boot.test.autoconfigure.webservices.client.MockWebServiceServerTestExecutionListener, org.springframework.boot.test.mock.mockito.MockitoTestExecutionListener, org.springframework.boot.test.mock.mockito.ResetMocksTestExecutionListener, org.springframework.test.context.web.ServletTestExecutionListener, org.springframework.test.context.support.DirtiesContextBeforeModesTestExecutionListener, org.springframework.test.context.event.ApplicationEventsTestExecutionListener, org.springframework.test.context.support.DependencyInjectionTestExecutionListener, org.springframework.test.context.support.DirtiesContextTestExecutionListener, org.springframework.test.context.transaction.TransactionalTestExecutionListener, org.springframework.test.context.jdbc.SqlScriptsTestExecutionListener, org.springframework.test.context.event.EventPublishingTestExecutionListener]
21:14:53.187 [Test worker] INFO org.springframework.boot.test.context.SpringBootTestContextBootstrapper - Using TestExecutionListeners: [org.springframework.test.context.web.ServletTestExecutionListener@182b435b, org.springframework.test.context.support.DirtiesContextBeforeModesTestExecutionListener@4d0402b, org.springframework.test.context.event.ApplicationEventsTestExecutionListener@2fa7ae9, org.springframework.boot.test.mock.mockito.MockitoTestExecutionListener@7577b641, org.springframework.boot.test.autoconfigure.SpringBootDependencyInjectionTestExecutionListener@3704122f, org.springframework.test.context.support.DirtiesContextTestExecutionListener@3153ddfc, org.springframework.test.context.transaction.TransactionalTestExecutionListener@60afd40d, org.springframework.test.context.jdbc.SqlScriptsTestExecutionListener@28a2a3e7, org.springframework.test.context.event.EventPublishingTestExecutionListener@3f2049b6, org.springframework.boot.test.autoconfigure.restdocs.RestDocsTestExecutionListener@10b3df93, org.springframework.boot.test.autoconfigure.web.client.MockRestServiceServerResetTestExecutionListener@ea27e34, org.springframework.boot.test.autoconfigure.web.servlet.MockMvcPrintOnlyOnFailureTestExecutionListener@33a2499c, org.springframework.boot.test.autoconfigure.web.servlet.WebDriverTestExecutionListener@e72dba7, org.springframework.boot.test.autoconfigure.webservices.client.MockWebServiceServerTestExecutionListener@33c2bd, org.springframework.boot.test.mock.mockito.ResetMocksTestExecutionListener@1dfd5f51]
21:14:53.189 [Test worker] DEBUG org.springframework.test.context.support.AbstractDirtiesContextTestExecutionListener - Before test class: context [DefaultTestContext@1deb2c43 testClass = Proj12019202005ApplicationTests, testInstance = [null], testMethod = [null], testException = [null], mergedContextConfiguration = [WebMergedContextConfiguration@3bb9efbc testClass = Proj12019202005ApplicationTests, locations = '{}', classes = '{class com.example.Proj1_2019202005.Proj12019202005Application}', contextInitializerClasses = '[]', activeProfiles = '{}', propertySourceLocations = '{}', propertySourceProperties = '{org.springframework.boot.test.context.SpringBootTestContextBootstrapper=true}', contextCustomizers = set[org.springframework.boot.test.autoconfigure.actuate.metrics.MetricsExportContextCustomizerFactory$DisableMetricExportContextCustomizer@2262b621, org.springframework.boot.test.autoconfigure.properties.PropertyMappingContextCustomizer@0, org.springframework.boot.test.autoconfigure.web.servlet.WebDriverContextCustomizerFactory$Customizer@10993713, org.springframework.boot.test.context.filter.ExcludeFilterContextCustomizer@5f031ebd, org.springframework.boot.test.json.DuplicateJsonObjectContextCustomizerFactory$DuplicateJsonObjectContextCustomizer@41e350f1, org.springframework.boot.test.mock.mockito.MockitoContextCustomizer@0, org.springframework.boot.test.web.client.TestRestTemplateContextCustomizer@1ef3efa8, org.springframework.boot.test.context.SpringBootTestArgs@1, org.springframework.boot.test.context.SpringBootTestWebEnvironment@14f232c4], resourceBasePath = 'src/main/webapp', contextLoader = 'org.springframework.boot.test.context.SpringBootContextLoader', parent = [null]], attributes = map['org.springframework.test.context.web.ServletTestExecutionListener.activateListener' -> true]], class annotated with @DirtiesContext [false] with mode [null].

  .   ____          _            __ _ _
 /\\ / ___'_ __ _ _(_)_ __  __ _ \ \ \ \
( ( )\___ | '_ | '_| | '_ \/ _` | \ \ \ \
 \\/  ___)| |_)| | | | | || (_| |  ) ) ) )
  '  |____| .__|_| |_|_| |_\__, | / / / /
 =========|_|==============|___/=/_/_/_/
 :: Spring Boot ::               (v2.7.12)

2023-05-29 21:14:53.556  INFO 22336 --- [    Test worker] c.e.P.Proj12019202005ApplicationTests    : Starting Proj12019202005ApplicationTests using Java 11.0.19 on 종식이 with PID 22336 (started by PC in C:\Users\PC\Downloads\Proj1_2019202005\Proj1_2019202005)
2023-05-29 21:14:53.559  INFO 22336 --- [    Test worker] c.e.P.Proj12019202005ApplicationTests    : No active profile set, falling back to 1 default profile: "default"
2023-05-29 21:14:54.222  INFO 22336 --- [    Test worker] .s.d.r.c.RepositoryConfigurationDelegate : Bootstrapping Spring Data JPA repositories in DEFAULT mode.
2023-05-29 21:14:54.237  INFO 22336 --- [    Test worker] .s.d.r.c.RepositoryConfigurationDelegate : Finished Spring Data repository scanning in 5 ms. Found 0 JPA repository interfaces.
2023-05-29 21:14:54.874  INFO 22336 --- [    Test worker] com.zaxxer.hikari.HikariDataSource       : HikariPool-1 - Starting...
2023-05-29 21:14:55.132  INFO 22336 --- [    Test worker] com.zaxxer.hikari.HikariDataSource       : HikariPool-1 - Start completed.
2023-05-29 21:14:55.273  INFO 22336 --- [    Test worker] o.hibernate.jpa.internal.util.LogHelper  : HHH000204: Processing PersistenceUnitInfo [name: default]
2023-05-29 21:14:55.336  INFO 22336 --- [    Test worker] org.hibernate.Version                    : HHH000412: Hibernate ORM core version 5.6.15.Final
2023-05-29 21:14:55.565  INFO 22336 --- [    Test worker] o.hibernate.annotations.common.Version   : HCANN000001: Hibernate Commons Annotations {5.1.2.Final}
2023-05-29 21:14:55.779  INFO 22336 --- [    Test worker] org.hibernate.dialect.Dialect            : HHH000400: Using dialect: org.hibernate.dialect.H2Dialect
2023-05-29 21:14:55.993  INFO 22336 --- [    Test worker] o.h.e.t.j.p.i.JtaPlatformInitiator       : HHH000490: Using JtaPlatform implementation: [org.hibernate.engine.transaction.jta.platform.internal.NoJtaPlatform]
2023-05-29 21:14:56.005  INFO 22336 --- [    Test worker] j.LocalContainerEntityManagerFactoryBean : Initialized JPA EntityManagerFactory for persistence unit 'default'
2023-05-29 21:14:56.284  WARN 22336 --- [    Test worker] JpaBaseConfiguration$JpaWebConfiguration : spring.jpa.open-in-view is enabled by default. Therefore, database queries may be performed during view rendering. Explicitly configure spring.jpa.open-in-view to disable this warning
2023-05-29 21:14:56.700  INFO 22336 --- [    Test worker] o.s.b.a.w.s.WelcomePageHandlerMapping    : Adding welcome page template: index
2023-05-29 21:14:57.232  INFO 22336 --- [    Test worker] c.e.P.Proj12019202005ApplicationTests    : Started Proj12019202005ApplicationTests in 3.975 seconds (JVM running for 5.679)
]]></system-out>
  <system-err><![CDATA[]]></system-err>
</testsuite>
